2020-08-05 00:01:55,252 INFO [capacityManagement] start correct usage

2020-08-05 00:01:55,257 INFO [capacityManagement] end correct usage, cost: 0s

2020-08-05 00:01:55,670 WARN clearConfigHistory start

2020-08-05 00:11:55,258 INFO [capacityManagement] start correct usage

2020-08-05 00:11:55,258 INFO [capacityManagement] end correct usage, cost: 0s

2020-08-05 00:11:55,672 WARN clearConfigHistory start

2020-08-05 00:21:55,261 INFO [capacityManagement] start correct usage

2020-08-05 00:21:55,261 INFO [capacityManagement] end correct usage, cost: 0s

2020-08-05 00:21:55,683 WARN clearConfigHistory start

2020-08-05 00:31:55,262 INFO [capacityManagement] start correct usage

2020-08-05 00:31:55,263 INFO [capacityManagement] end correct usage, cost: 0s

2020-08-05 00:31:55,686 WARN clearConfigHistory start

2020-08-05 00:41:55,267 INFO [capacityManagement] start correct usage

2020-08-05 00:41:55,267 INFO [capacityManagement] end correct usage, cost: 0s

2020-08-05 00:41:55,688 WARN clearConfigHistory start

2020-08-05 00:51:55,269 INFO [capacityManagement] start correct usage

2020-08-05 00:51:55,282 INFO [capacityManagement] end correct usage, cost: 0s

2020-08-05 00:51:55,698 WARN clearConfigHistory start

2020-08-05 01:01:55,285 INFO [capacityManagement] start correct usage

2020-08-05 01:01:55,285 INFO [capacityManagement] end correct usage, cost: 0s

2020-08-05 01:01:55,701 WARN clearConfigHistory start

2020-08-05 01:11:55,288 INFO [capacityManagement] start correct usage

2020-08-05 01:11:55,294 INFO [capacityManagement] end correct usage, cost: 0s

2020-08-05 01:11:55,704 WARN clearConfigHistory start

2020-08-05 01:21:55,296 INFO [capacityManagement] start correct usage

2020-08-05 01:21:55,297 INFO [capacityManagement] end correct usage, cost: 0s

2020-08-05 01:21:55,715 WARN clearConfigHistory start

2020-08-05 01:24:22,501 WARN [NotifyCenter] Start destroying Publisher

2020-08-05 01:24:22,501 WARN [HttpClientManager] Start destroying HttpClient

2020-08-05 01:24:22,501 WARN [ThreadPoolManager] Start destroying ThreadPool

2020-08-05 01:24:22,501 WARN [NotifyCenter] Destruction of the end

2020-08-05 01:24:22,516 WARN [HttpClientManager] Destruction of the end

2020-08-05 01:24:22,532 INFO Shutting down ExecutorService 'taskScheduler'

2020-08-05 01:24:22,548 INFO Shutting down ExecutorService 'applicationTaskExecutor'

2020-08-05 01:24:46,402 WARN [ThreadPoolManager] Destruction of the end

